<?xml version="1.0" encoding="UTF-8"?>
<testng-results ignored="0" total="1" passed="1" failed="0" skipped="0">
  <reporter-output>
  </reporter-output>
  <suite started-at="2022-09-09T14:21:59 EDT" name="Default suite" finished-at="2022-09-09T14:22:13 EDT" duration-ms="14426">
    <groups>
    </groups>
    <test started-at="2022-09-09T14:21:59 EDT" name="Default test" finished-at="2022-09-09T14:22:13 EDT" duration-ms="14426">
      <class name="test.AddCustomerTest">
        <test-method signature="validUserShouldBeAbleToAddCustomer()[pri:0, instance:test.AddCustomerTest@b6b1987]" started-at="2022-09-09T14:21:59 EDT" name="validUserShouldBeAbleToAddCustomer" finished-at="2022-09-09T14:22:13 EDT" duration-ms="14401" status="PASS">
          <reporter-output>
          </reporter-output>
        </test-method> <!-- validUserShouldBeAbleToAddCustomer -->
      </class> <!-- test.AddCustomerTest -->
    </test> <!-- Default test -->
  </suite> <!-- Default suite -->
</testng-results>
